Getting links from: http://localhost:8000/
├───OK─── http://localhost:8000/assets/logo.png
├───OK─── https://github.com/apprunjs/apprun-docs/
├───OK─── http://localhost:8000/architecture/
├───OK─── http://localhost:8000/event-pubsub/
├───OK─── http://localhost:8000/state-management/
├───OK─── http://localhost:8000/component/
├───OK─── http://localhost:8000/reactivity/
├───OK─── http://localhost:8000/architecture-ideas/dapr/
├───OK─── http://localhost:8000/architecture-ideas/firebase-app/
├───OK─── http://localhost:8000/architecture-ideas/db-websocket/
├───OK─── http://localhost:8000/architecture-ideas/rust-app/
├───OK─── http://localhost:8000/architecture-ideas/state-machine/
├───OK─── http://localhost:8000/getting-started/
├───OK─── http://localhost:8000/tutorial/
├───OK─── http://localhost:8000/spa/
├───OK─── http://localhost:8000/routing/
├───OK─── http://localhost:8000/view-patterns/
├───OK─── http://localhost:8000/directive/
├───OK─── http://localhost:8000/3rd-party-libs/
├───OK─── http://localhost:8000/cli-in-console/
├───OK─── http://localhost:8000/dev-server/
├───OK─── http://localhost:8000/ssr/
├───OK─── http://localhost:8000/strong-typing/
├───OK─── http://localhost:8000/unit-testing/
├───OK─── http://localhost:8000/resources/
├───OK─── https://github.com/apprunjs/apprun-docs/edit/master/docs/index.md
├───OK─── https://github.com/yysun/apprun
├───OK─── https://guide.elm-lang.org/architecture
├───OK─── https://squidfunk.github.io/mkdocs-material/
Finished! 60 links found. 31 excluded. 0 broken.

Getting links from: http://localhost:8000/architecture/
├───OK─── https://github.com/apprunjs/apprun-docs/edit/master/docs/architecture.md
├───OK─── https://dev-to-uploads.s3.amazonaws.com/i/hdjy2w33ipeqdv9wxbea.png
├───OK─── https://davesquared.net/2010/07/essence-and-ceremony-ruby-and-c.html
├───OK─── http://bryanpendleton.blogspot.com/2010/02/ceremony-vs-essence.html
├───OK─── https://dev-to-uploads.s3.amazonaws.com/i/7mo21xx84dlho7j9tybp.png
├───OK─── https://dev-to-uploads.s3.amazonaws.com/i/7eypk2z64h5azepxnlbc.png
├───OK─── https://svelte.dev/tutorial/reactive-assignments
├───OK─── https://dev-to-uploads.s3.amazonaws.com/i/o5j864n6r89tvqzqbcev.png
├───OK─── https://reactjs.org/docs/hooks-overview.html
├───OK─── https://dev-to-uploads.s3.amazonaws.com/i/qtmjinxl7zqpoyz0og41.png
├───OK─── https://vue-composition-api-rfc.netlify.com/#type-issues-with-class-api
├───OK─── https://dev-to-uploads.s3.amazonaws.com/i/v44mpss7ysv5wwx4p45j.png
├───OK─── https://medium.com/@yiyisun/strong-typing-in-apprun-78520be329c1
Finished! 118 links found. 105 excluded. 0 broken.

Getting links from: http://localhost:8000/event-pubsub/
├───OK─── https://github.com/apprunjs/apprun-docs/edit/master/docs/event-pubsub.md
├───OK─── http://localhost:8000/imgs/Figure_1-1.png
├───OK─── https://lit-html.polymer-project.org/
├───OK─── https://developer.mozilla.org/en-US/docs/Web/JavaScript/Reference/Template_literals
├───OK─── https://cdn-images-1.medium.com/max/1600/1*Z1y_-n7_Y1bzDUJuw0ORVw.png
Finished! 85 links found. 80 excluded. 0 broken.

Getting links from: http://localhost:8000/state-management/
├───OK─── https://github.com/apprunjs/apprun-docs/edit/master/docs/state-management.md
├───OK─── http://localhost:8000/imgs/Figure_3-1.png
Finished! 63 links found. 61 excluded. 0 broken.

Getting links from: http://localhost:8000/component/
├───OK─── https://github.com/apprunjs/apprun-docs/edit/master/docs/component.md
├───OK─── https://medium.com/@yiyisun/redux-vs-the-react-context-api-vs-apprun-f324bee8cbbf
├───OK─── https://developer.mozilla.org/en-US/docs/Web/Web_Components
Finished! 92 links found. 89 excluded. 0 broken.

Getting links from: http://localhost:8000/reactivity/
├───OK─── https://github.com/apprunjs/apprun-docs/edit/master/docs/reactivity.md
├───OK─── https://v1.vuejs.org/guide/reactivity.html
├───OK─── https://github.com/sveltejs/rfcs/blob/master/text/0001-reactive-assignments.md
├───OK─── https://observablehq.com/@yysun/apprun-events-evolved
├───OK─── https://wiki.c2.com/?HollywoodPrinciple
├───OK─── https://vuejs.org/v2/guide/computed.html
├───OK─── https://svelte.dev/examples#reactive-declarations
├───OK─── https://developer.mozilla.org/en-US/docs/Web/JavaScript/Reference/Functions/get
├───OK─── https://developer.mozilla.org/en-US/docs/Web/JavaScript/Reference/Global_Objects/Proxy
├───OK─── https://exploringjs.com/es6/ch_proxies.html#sec_programming-vs-metaprogramming
├───OK─── https://apprun.js.org/docs/#/04-architecture
Finished! 82 links found. 71 excluded. 0 broken.

Getting links from: http://localhost:8000/architecture-ideas/dapr/
├───OK─── https://github.com/apprunjs/apprun-docs/edit/master/docs/architecture-ideas/dapr.md
├───OK─── https://dapr.io/
├───OK─── https://github.com/yysun/apprun-dapr/raw/master/public/apprun-dapr-1.png
├───OK─── https://github.com/yysun/apprun-dapr/
Finished! 55 links found. 51 excluded. 0 broken.

Getting links from: http://localhost:8000/architecture-ideas/firebase-app/
├───OK─── https://github.com/apprunjs/apprun-docs/edit/master/docs/architecture-ideas/firebase-app.md
├───OK─── https://dev.to/yysun/create-a-phoenix-liveview-like-app-in-js-with-apprun-dc8
├───OK─── https://dev.to/yysun/database-driven-applications-using-websockets-2b9o
├───OK─── https://apprun.js.org/
├───OK─── https://firebase.google.com/
├───OK─── https://github.com/yysun/apprun-firebase/raw/master/architecture.png
├───OK─── https://dev-to-uploads.s3.amazonaws.com/i/siavm31erdel8ea0asgj.png
├───OK─── https://www.amazon.com/Practical-Application-Development-AppRun-High-Performance/dp/1484240685/
├───OK─── https://apprun-demo.firebaseapp.com/
├───OK─── https://github.com/yysun/apprun-firebase
├───OK─── https://github.com/yysun/apprun-apress-book/tree/master/Chapter_05
├───OK─── https://github.com/apprunjs/apprun-electron-forge
Finished! 98 links found. 86 excluded. 0 broken.

Getting links from: http://localhost:8000/architecture-ideas/db-websocket/
├───OK─── https://github.com/apprunjs/apprun-docs/edit/master/docs/architecture-ideas/db-websocket.md
├───OK─── https://github.com/yysun/apprun-websockets-sqlite/raw/master/architecture-old.png
├───OK─── https://developer.mozilla.org/en-US/docs/Web/API/WebSockets_API
├───OK─── https://github.com/yysun/apprun-websockets-sqlite/raw/master/architecture-new.png
├───OK─── https://dev-to-uploads.s3.amazonaws.com/i/ydkewsv89cs1gkxuufde.PNG
├───OK─── https://glitch.com/~apprun-websockets-sqlite
├───OK─── https://github.com/yysun/apprun-websockets-sqlite
├───OK─── https://developer.mozilla.org/en-US/docs/Web/API/Web_Workers_API
Finished! 91 links found. 83 excluded. 0 broken.

Getting links from: http://localhost:8000/architecture-ideas/rust-app/
├───OK─── https://github.com/apprunjs/apprun-docs/edit/master/docs/architecture-ideas/rust-app.md
├───OK─── https://webassembly.org/
├───OK─── https://developer.mozilla.org/en-US/docs/WebAssembly
├───OK─── https://github.com/appcypher/awesome-wasm-langs
├───OK─── https://www.rust-lang.org/what/wasm
├───OK─── https://rustwasm.github.io/wasm-pack/
├───OK─── https://docs.microsoft.com/en-us/windows/wsl/install-win10
├───OK─── https://dev-to-uploads.s3.amazonaws.com/i/0v0lkfuto7d4lxh1639i.png
├───OK─── https://rustwasm.github.io/
├─BROKEN─ https://crates.io/crates/js-sys (HTTP_404)
├───OK─── https://github.com/wasm-tool/wasm-pack-plugin
├───OK─── https://dev-to-uploads.s3.amazonaws.com/i/dmy2qkqqtlyxed4qovlf.png
├───OK─── https://dev-to-uploads.s3.amazonaws.com/i/atljaqot7q08qcu9rk9m.png
├───OK─── https://yysun.github.io/apprun-rust
Finished! 101 links found. 87 excluded. 1 broken.

Getting links from: http://localhost:8000/architecture-ideas/state-machine/
├───OK─── https://github.com/apprunjs/apprun-docs/edit/master/docs/architecture-ideas/state-machine.md
├───OK─── https://en.wikipedia.org/wiki/Mealy_machine
├───OK─── https://dev-to-uploads.s3.amazonaws.com/i/hfscu8m5zix5dy91b3hw.png
├───OK─── https://www.codinglawyer.io/posts/build-javascript-calculator
├─BROKEN─ https://www.codinglawyer.io/static/c24440761863d1b3b8bf38e336056726/fa498/sketch-fsm.png (HTTP_404)
├───OK─── https://www.typescriptlang.org/docs/handbook/advanced-types.html#discriminated-unions
├───OK─── https://www.typescriptlang.org/docs/handbook/basic-types.html#tuple
├───OK─── https://github.com/yysun/apprun/blob/master/demo/components/calculator.tsx
├───OK─── https://en.wikipedia.org/wiki/Moore_machine
├───OK─── https://www.smashingmagazine.com/2018/01/rise-state-machines/
├───OK─── https://jonbellah.com/articles/intro-state-machines
├───OK─── https://statecharts.github.io/what-is-a-state-machine.html
Finished! 97 links found. 85 excluded. 1 broken.

Getting links from: http://localhost:8000/getting-started/
├─BROKEN─ https://github.com/apprunjs/apprun-docs/edit/master/docs/getting-started.md (HTTP_404)
├───OK─── https://github.com/WebReflection/uhtml
├───OK─── https://reactjs.org/docs/introducing-jsx.html
├───OK─── https://esbuild.github.io/
├─BROKEN─ https://localhost:8080/ (ERRNO_ECONNREFUSED)
Finished! 90 links found. 85 excluded. 2 broken.

Getting links from: http://localhost:8000/tutorial/
├───OK─── https://github.com/apprunjs/apprun-docs/edit/master/docs/tutorial.md
Finished! 64 links found. 63 excluded. 0 broken.

Getting links from: http://localhost:8000/spa/
├───OK─── https://github.com/apprunjs/apprun-docs/edit/master/docs/spa.md
├───OK─── http://localhost:8000/imgs/Figure_7-2.png
Finished! 59 links found. 57 excluded. 0 broken.

Getting links from: http://localhost:8000/routing/
├───OK─── https://github.com/apprunjs/apprun-docs/edit/master/docs/routing.md
├───OK─── https://github.com/phBalance/apprun-router
Finished! 65 links found. 63 excluded. 0 broken.

Getting links from: http://localhost:8000/view-patterns/
├───OK─── https://github.com/apprunjs/apprun-docs/edit/master/docs/view-patterns.md
Finished! 86 links found. 85 excluded. 0 broken.

Getting links from: http://localhost:8000/directive/
├───OK─── https://github.com/apprunjs/apprun-docs/edit/master/docs/directive.md
├───OK─── https://daneden.github.io/animate.css
Finished! 68 links found. 66 excluded. 0 broken.

Getting links from: http://localhost:8000/3rd-party-libs/
├───OK─── https://github.com/apprunjs/apprun-docs/edit/master/docs/3rd-party-libs.md
├───OK─── https://github.com/yysun/apprun-bootstrap/raw/master/screenshot.png
├───OK─── https://github.com/apprunjs/apprun-coreui
├───OK─── https://github.com/apprunjs/apprun-coreui/raw/master/screen.png
Finished! 68 links found. 64 excluded. 0 broken.

Getting links from: http://localhost:8000/cli-in-console/
├───OK─── https://github.com/apprunjs/apprun-docs/edit/master/docs/cli-in-console.md
├───OK─── https://thepracticaldev.s3.amazonaws.com/i/khumq8np94i5uwo9bwn1.png
├───OK─── https://thepracticaldev.s3.amazonaws.com/i/fq37a5rjfoz4pqsi0f05.png
├───OK─── https://gothinkster.github.io/apprun-realworld-example-app
Finished! 65 links found. 61 excluded. 0 broken.

Getting links from: http://localhost:8000/dev-server/
├───OK─── https://github.com/apprunjs/apprun-docs/edit/master/docs/dev-server.md
├───OK─── https://developer.mozilla.org/en-US/docs/Web/JavaScript/Guide/Modules
├───OK─── https://www.snowpack.dev/concepts/how-snowpack-works
├───OK─── https://unpkg.com/
├───OK─── https://github.com/mjackson/unpkg/issues/34
├───OK─── https://github.com/yysun/apprun-dev-server
├───OK─── https://www.npmjs.com/package/live-server
├───OK─── https://github.com/yysun/apprun-dev-server/raw/master/public/apprun-hmr.gif
Finished! 77 links found. 69 excluded. 0 broken.

Getting links from: http://localhost:8000/ssr/
├───OK─── https://github.com/apprunjs/apprun-docs/edit/master/docs/ssr.md
├───OK─── https://github.com/yysun/apprun-ssr
├─BROKEN─ https://apprun-ssr.glitch.me/ (HTTP_503)
├───OK─── https://medium.com/@yiyisun/making-asp-net-core-mvc-apps-into-single-page-apps-using-apprun-e1ae4dbc60da
├───OK─── https://cdn-images-1.medium.com/max/1600/1*1ZtgK-R4YDb8P4ahLq60Hg.png
Finished! 62 links found. 57 excluded. 1 broken.

Getting links from: http://localhost:8000/strong-typing/
├───OK─── https://github.com/apprunjs/apprun-docs/edit/master/docs/strong-typing.md
├───OK─── https://www.typescriptlang.org/docs/handbook/2/generics.html
├───OK─── https://cdn-images-1.medium.com/max/1600/1*jT2qW1LgZVqSZWZgb_VZjQ.png
├───OK─── https://cdn-images-1.medium.com/max/1600/1*2xYoeK0KwyQ2FYMXwMjnmA.png
├───OK─── https://cdn-images-1.medium.com/max/1600/1*fK3RbeU4lWt9_kPDa7-jFg.png
├───OK─── https://cdn-images-1.medium.com/max/1600/1*QsEmxowOL0oKWZ6dvlTw7Q.png
├───OK─── https://cdn-images-1.medium.com/max/1600/1*VvHWpwTr0pXm08LHgXtTpQ.png
├───OK─── https://cdn-images-1.medium.com/max/1600/1*veW7AQ1RTVcoRbd3IMp0og.png
├───OK─── https://cdn-images-1.medium.com/max/1600/1*fTqni_vS4c5uD2_Q4Kw31A.png
├───OK─── https://cdn-images-1.medium.com/max/1600/1*kkwPCiTcA9ny9IJ3uFTZsA.png
├───OK─── https://cdn-images-1.medium.com/max/1600/1*fY-lIFIuFSpukxP3s82JYQ.png
├───OK─── https://cdn-images-1.medium.com/max/1600/1*V3O5lHlg_ShD75Va0stOpA.png
├───OK─── https://cdn-images-1.medium.com/max/1600/1*RY-DEfVgOjj_clIEW4HeTA.png
├───OK─── https://cdn-images-1.medium.com/max/1600/1*AhiWkaV3WynuHElM6mPqjQ.png
├───OK─── https://cdn-images-1.medium.com/max/1600/1*Rje-0LBmymjwBZbFW6zHKw.png
Finished! 108 links found. 93 excluded. 0 broken.

Getting links from: http://localhost:8000/unit-testing/
├───OK─── https://github.com/apprunjs/apprun-docs/edit/master/docs/unit-testing.md
├───OK─── http://localhost:8000/imgs/Figure_12-9.png
├───OK─── http://localhost:8000/imgs/Figure_12-10.png
├───OK─── http://localhost:8000/imgs/Figure_12-11.png
├───OK─── http://localhost:8000/imgs/Figure_12-12.png
├───OK─── https://github.com/gothinkster/apprun-realworld-example-app/tree/master/tests
├───OK─── https://github.com/gothinkster/apprun-realworld-example-app
├───OK─── https://github.com/gothinkster/apprun-realworld-example-app/blob/master/tests/mocks.ts
├───OK─── https://github.com/gothinkster/apprun-realworld-example-app/blob/master/tests/auto-events.spec.ts
├───OK─── https://github.com/gothinkster/apprun-realworld-example-app/blob/master/tests/snapshot.spec.ts
Finished! 77 links found. 67 excluded. 0 broken.

Getting links from: http://localhost:8000/resources/
├───OK─── https://github.com/apprunjs/apprun-docs/edit/master/docs/resources.md
├───OK─── https://camo.githubusercontent.com/99fad1f024c274a3d752a1583cf125037583811c/68747470733a2f2f696d616765732e737072696e6765722e636f6d2f7367772f626f6f6b732f6d656469756d2f393738313438343234303638372e6a7067
├───OK─── https://dev.to/@yysun
├───OK─── https://glitch.com/@yysun
├───OK─── https://observablehq.com/@yysun
├───OK─── https://medium.freecodecamp.org/a-realworld-comparison-of-front-end-frameworks-with-benchmarks-2019-update-4be0d3c78075
├───OK─── https://medium.freecodecamp.org/a-real-world-comparison-of-front-end-frameworks-with-benchmarks-2018-update-e5760fb4a962
├───OK─── https://medium.freecodecamp.org/a-real-world-comparison-of-front-end-frameworks-with-benchmarks-e1cb62fd526c
├───OK─── https://github.com/krausest/js-framework-benchmark
├───OK─── https://rawgit.com/krausest/js-framework-benchmark/master/webdriver-ts-results/table.html
Finished! 75 links found. 65 excluded. 0 broken.

Finished! 1906 links found. 1724 excluded. 5 broken.
Elapsed time: 1 minute, 36 seconds
